<?xml version="1.0" encoding="UTF-8"?>
<!-- Generated by org.testng.reporters.JUnitXMLReporter -->
<testsuite ignored="0" hostname="DESKTOP-PBCNC1S" failures="0" tests="3" name="Test" time="8.865" errors="0" timestamp="2023-12-26T11:09:43 IST">
  <testcase classname="testngconceptclearly.Facebook_com" name="Setup" time="7.26"/>
  <testcase classname="testngconceptclearly.Facebook_com" name="login" time="0.433"/>
  <testcase classname="testngconceptclearly.Facebook_com" name="teardown" time="0.316"/>
</testsuite> <!-- Test -->
