<?xml version="1.0" encoding="UTF-8"?>
<testng-results ignored="0" total="2" passed="2" failed="0" skipped="0">
  <reporter-output>
  </reporter-output>
  <suite started-at="2023-12-30T20:56:29 IST" name="Suite" finished-at="2023-12-30T20:56:36 IST" duration-ms="7400">
    <groups>
    </groups>
    <test started-at="2023-12-30T20:56:29 IST" name="Test" finished-at="2023-12-30T20:56:36 IST" duration-ms="7400">
      <class name="testngconceptclearly.Facebook_com">
        <test-method signature="Setup()[pri:1, instance:testngconceptclearly.Facebook_com@35ef1869]" started-at="2023-12-30T20:56:29 IST" name="Setup" finished-at="2023-12-30T20:56:36 IST" duration-ms="6669" status="PASS">
          <reporter-output>
          </reporter-output>
        </test-method> <!-- Setup -->
        <test-method signature="login()[pri:2, instance:testngconceptclearly.Facebook_com@35ef1869]" started-at="2023-12-30T20:56:36 IST" name="login" finished-at="2023-12-30T20:56:36 IST" duration-ms="346" status="PASS">
          <reporter-output>
          </reporter-output>
        </test-method> <!-- login -->
      </class> <!-- testngconceptclearly.Facebook_com -->
    </test> <!-- Test -->
  </suite> <!-- Suite -->
</testng-results>
