<?xml version="1.0" encoding="UTF-8"?>
<testng-results ignored="0" total="2" passed="2" failed="0" skipped="0">
  <reporter-output>
  </reporter-output>
  <suite started-at="2023-12-27T09:51:39 IST" name="Default suite" finished-at="2023-12-27T09:51:49 IST" duration-ms="10036">
    <groups>
    </groups>
    <test started-at="2023-12-27T09:51:39 IST" name="Default test" finished-at="2023-12-27T09:51:49 IST" duration-ms="10036">
      <class name="testngconceptclearly.Facebook_POM">
        <test-method signature="setup()[pri:1, instance:testngconceptclearly.Facebook_POM@130c12b7]" started-at="2023-12-27T09:51:39 IST" name="setup" finished-at="2023-12-27T09:51:45 IST" duration-ms="5787" status="PASS">
          <reporter-output>
          </reporter-output>
        </test-method> <!-- setup -->
        <test-method signature="login()[pri:2, instance:testngconceptclearly.Facebook_POM@130c12b7]" started-at="2023-12-27T09:51:45 IST" name="login" finished-at="2023-12-27T09:51:49 IST" duration-ms="4140" status="PASS">
          <reporter-output>
          </reporter-output>
        </test-method> <!-- login -->
      </class> <!-- testngconceptclearly.Facebook_POM -->
    </test> <!-- Default test -->
  </suite> <!-- Default suite -->
</testng-results>
